<?xml version="1.0" encoding="UTF-8"?>
<testsuite xmlns:xsi="http://www.w3.org/2001/XMLSchema-instance" xsi:schemaLocation="https://maven.apache.org/surefire/maven-surefire-plugin/xsd/surefire-test-report.xsd" name="TestSuite" time="0.924" tests="10" errors="0" skipped="0" failures="4">
  <properties>
[...]
</properties>
  <testcase name="TempTest4" classname="tests.TestClass1" time="0.002">
    <failure message="The following asserts failed:&#10;	expected [4] but found [5]" type="java.lang.AssertionError">java.lang.AssertionError: 
The following asserts failed:
	expected [4] but found [5]
	at tests.TestClass1.TempTest4(TestClass1.java:41)
</failure>
    <system-out><![CDATA[...
... TestNG 6.10 by Cédric Beust (cedric@beust.com)
...

]]></system-out>
  </testcase>
  <testcase name="TempTest10" classname="tests.TestClass2" time="0"/>
  <testcase name="TempTest6" classname="tests.TestClass2" time="0"/>
  <testcase name="TempTest7" classname="tests.TestClass2" time="0"/>
  <testcase name="TempTest8" classname="tests.TestClass2" time="0">
    <failure message="The following asserts failed:&#10;	expected [8] but found [9]" type="java.lang.AssertionError">java.lang.AssertionError: 
The following asserts failed:
	expected [8] but found [9]
	at tests.TestClass2.TempTest8(TestClass2.java:34)
</failure>
  </testcase>
  <testcase name="TempTest9" classname="tests.TestClass2" time="0">
    <failure message="The following asserts failed:&#10;	expected [9] but found [10]" type="java.lang.AssertionError">java.lang.AssertionError: 
The following asserts failed:
	expected [9] but found [10]
	at tests.TestClass2.TempTest9(TestClass2.java:42)
</failure>
  </testcase>
  <testcase name="TempTest2" classname="tests.TestClass1" time="0"/>
  <testcase name="TempTest5" classname="tests.TestClass1" time="0"/>
  <testcase name="TempTest1" classname="tests.TestClass1" time="0"/>
  <testcase name="TempTest3" classname="tests.TestClass1" time="0.002">
    <failure message="The following asserts failed:&#10;	expected [3] but found [4]" type="java.lang.AssertionError">java.lang.AssertionError: 
The following asserts failed:
	expected [3] but found [4]
	at tests.TestClass1.TempTest3(TestClass1.java:33)
</failure>
  </testcase>
</testsuite>